<?xml version="1.0" encoding="UTF-8"?>
<!-- Generated by org.testng.reporters.JUnitReportReporter -->
<testsuite hostname="LAPTOP-RQMIKUIO" failures="0" tests="1" name="SeleniumPractice.Sample" time="22.414" errors="0" timestamp="2022-09-07T23:24:51 IST" skipped="0">
  <testcase classname="SeleniumPractice.Sample" name="searchElement" time="22.414"/>
  <system-out/>
</testsuite> <!-- SeleniumPractice.Sample -->
